[     676ms] [LOG] %c
▲

 _____ _              _                    _   _             __
|_   _| |__   ___    / \   __ _  ___ _ __ | |_(_) ___       / /
  | | | '_ \ / _ \  / _ \ / _` |/ _ \ '_ \| __| |/ __|     / /
  | | | | | |  __/ / ___ \ (_| |  __/ | | | |_| | (__     /_/
  |_| |_| |_|\___|/_/   \_\__, |\___|_| |_|\__|_|\___|    (_)
                           |___/
 ___        __               _                   _                 _
|_ _|_ __  / _|_ __ __ _ ___| |_ _ __ _   _  ___| |_ _   _ _ __ ___
 | || '_ \| |_| '__/ _` / __| __| '__| | | |/ __| __| | | | '__/ _ \
 | || | | |  _| | | (_| \__ \ |_| |  | |_| | (__| |_| |_| | | |  __/
|___|_| |_|_| |_|  \__,_|___/\__|_|   \__,_|\___|\__|\__,_|_|  \___|
  

Hello!

- Open Source https://vercel.com/oss
- Careers https://vercel.com/careers
- Status https://vercel-status.com

 font-family: "Geist Mono", monospace; white-space: pre; line-height: 1; @ https://vercel.com/_next/static/immutable/chunks/0gisdixsvd9-x.js:78
[    2004ms] [ERROR] Failed to load resource: the server responded with a status of 404 () @ https://vercel.com/api/chat/C3IbdabPWyHQRsLT/stream:0
[    2079ms] [WARNING] [omniagent] chat stream failed Error: {"error":{"code":"not_found","message":"The requested API endpoint was not found."}}
    at oS.reconnectToStream (https://vercel.com/_next/static/immutable/chunks/0nlrio1acyhql.js:38:48063)
    at async ae.makeRequest (https://vercel.com/_next/static/immutable/chunks/0nlrio1acyhql.js:23:47520)
    at async ae.resumeStream (https://vercel.com/_next/static/immutable/chunks/0nlrio1acyhql.js:23:44598) @ https://vercel.com/_next/static/immutable/chunks/2v68b1iznop88.js:1
[    2476ms] [WARNING] Deprecated API for given entry type. @ https://vercel.com/_next/static/immutable/chunks/3qsuav06ia3wm.js:18
[    6845ms] [WARNING] The resource https://vercel.com/_next/static/immutable/chunks/2sa0-79dwjela.css was preloaded using link preload but not used within a few seconds from the window's load event. Please make sure it has an appropriate `as` value and it is preloaded intentionally. @ https://vercel.com/liyimo0817-1103s-projects/~/stores/blob/store_28IMAJr8yCvISY59/settings:0
[    6845ms] [WARNING] The resource https://vercel.com/_next/static/immutable/chunks/0yd0_h9ujntrg.css was preloaded using link preload but not used within a few seconds from the window's load event. Please make sure it has an appropriate `as` value and it is preloaded intentionally. @ https://vercel.com/liyimo0817-1103s-projects/~/stores/blob/store_28IMAJr8yCvISY59/settings:0
[    6845ms] [WARNING] The resource https://vercel.com/_next/static/immutable/chunks/0a2p-ddxufhhz.css was preloaded using link preload but not used within a few seconds from the window's load event. Please make sure it has an appropriate `as` value and it is preloaded intentionally. @ https://vercel.com/liyimo0817-1103s-projects/~/stores/blob/store_28IMAJr8yCvISY59/settings:0
[    6845ms] [WARNING] The resource https://vercel.com/_next/static/immutable/chunks/3dncqglpf567l.css was preloaded using link preload but not used within a few seconds from the window's load event. Please make sure it has an appropriate `as` value and it is preloaded intentionally. @ https://vercel.com/liyimo0817-1103s-projects/~/stores/blob/store_28IMAJr8yCvISY59/settings:0
[    6845ms] [WARNING] The resource https://vercel.com/_next/static/immutable/chunks/1rd3xjd3esung.css was preloaded using link preload but not used within a few seconds from the window's load event. Please make sure it has an appropriate `as` value and it is preloaded intentionally. @ https://vercel.com/liyimo0817-1103s-projects/~/stores/blob/store_28IMAJr8yCvISY59/settings:0
[    6845ms] [WARNING] The resource https://vercel.com/_next/static/immutable/chunks/08pkr-yscsyp6.css was preloaded using link preload but not used within a few seconds from the window's load event. Please make sure it has an appropriate `as` value and it is preloaded intentionally. @ https://vercel.com/liyimo0817-1103s-projects/~/stores/blob/store_28IMAJr8yCvISY59/settings:0
[    6845ms] [WARNING] The resource https://vercel.com/_next/static/immutable/chunks/1go2vinjiwjy8.css was preloaded using link preload but not used within a few seconds from the window's load event. Please make sure it has an appropriate `as` value and it is preloaded intentionally. @ https://vercel.com/liyimo0817-1103s-projects/~/stores/blob/store_28IMAJr8yCvISY59/settings:0
[    6845ms] [WARNING] The resource https://vercel.com/_next/static/immutable/chunks/3d792zqltro0t.css was preloaded using link preload but not used within a few seconds from the window's load event. Please make sure it has an appropriate `as` value and it is preloaded intentionally. @ https://vercel.com/liyimo0817-1103s-projects/~/stores/blob/store_28IMAJr8yCvISY59/settings:0
[    6845ms] [WARNING] The resource https://vercel.com/_next/static/immutable/chunks/0-shbsz3-8ybx.css was preloaded using link preload but not used within a few seconds from the window's load event. Please make sure it has an appropriate `as` value and it is preloaded intentionally. @ https://vercel.com/liyimo0817-1103s-projects/~/stores/blob/store_28IMAJr8yCvISY59/settings:0
[    6845ms] [WARNING] The resource https://vercel.com/_next/static/immutable/chunks/3bv-6n9ltpz6q.css was preloaded using link preload but not used within a few seconds from the window's load event. Please make sure it has an appropriate `as` value and it is preloaded intentionally. @ https://vercel.com/liyimo0817-1103s-projects/~/stores/blob/store_28IMAJr8yCvISY59/settings:0
[   15436ms] [WARNING] The resource https://vercel.com/_next/static/immutable/chunks/2sa0-79dwjela.css was preloaded using link preload but not used within a few seconds from the window's load event. Please make sure it has an appropriate `as` value and it is preloaded intentionally. @ https://vercel.com/liyimo0817-1103s-projects/~/stores/blob/store_28IMAJr8yCvISY59/settings:0
[   15436ms] [WARNING] The resource https://vercel.com/_next/static/immutable/chunks/0yd0_h9ujntrg.css was preloaded using link preload but not used within a few seconds from the window's load event. Please make sure it has an appropriate `as` value and it is preloaded intentionally. @ https://vercel.com/liyimo0817-1103s-projects/~/stores/blob/store_28IMAJr8yCvISY59/settings:0
[   15436ms] [WARNING] The resource https://vercel.com/_next/static/immutable/chunks/0a2p-ddxufhhz.css was preloaded using link preload but not used within a few seconds from the window's load event. Please make sure it has an appropriate `as` value and it is preloaded intentionally. @ https://vercel.com/liyimo0817-1103s-projects/~/stores/blob/store_28IMAJr8yCvISY59/settings:0
[   15436ms] [WARNING] The resource https://vercel.com/_next/static/immutable/chunks/3dncqglpf567l.css was preloaded using link preload but not used within a few seconds from the window's load event. Please make sure it has an appropriate `as` value and it is preloaded intentionally. @ https://vercel.com/liyimo0817-1103s-projects/~/stores/blob/store_28IMAJr8yCvISY59/settings:0
[   15436ms] [WARNING] The resource https://vercel.com/_next/static/immutable/chunks/1rd3xjd3esung.css was preloaded using link preload but not used within a few seconds from the window's load event. Please make sure it has an appropriate `as` value and it is preloaded intentionally. @ https://vercel.com/liyimo0817-1103s-projects/~/stores/blob/store_28IMAJr8yCvISY59/settings:0
[   15436ms] [WARNING] The resource https://vercel.com/_next/static/immutable/chunks/08pkr-yscsyp6.css was preloaded using link preload but not used within a few seconds from the window's load event. Please make sure it has an appropriate `as` value and it is preloaded intentionally. @ https://vercel.com/liyimo0817-1103s-projects/~/stores/blob/store_28IMAJr8yCvISY59/settings:0
[   15437ms] [WARNING] The resource https://vercel.com/_next/static/immutable/chunks/1go2vinjiwjy8.css was preloaded using link preload but not used within a few seconds from the window's load event. Please make sure it has an appropriate `as` value and it is preloaded intentionally. @ https://vercel.com/liyimo0817-1103s-projects/~/stores/blob/store_28IMAJr8yCvISY59/settings:0
[   15437ms] [WARNING] The resource https://vercel.com/_next/static/immutable/chunks/3d792zqltro0t.css was preloaded using link preload but not used within a few seconds from the window's load event. Please make sure it has an appropriate `as` value and it is preloaded intentionally. @ https://vercel.com/liyimo0817-1103s-projects/~/stores/blob/store_28IMAJr8yCvISY59/settings:0
[   15437ms] [WARNING] The resource https://vercel.com/_next/static/immutable/chunks/0-shbsz3-8ybx.css was preloaded using link preload but not used within a few seconds from the window's load event. Please make sure it has an appropriate `as` value and it is preloaded intentionally. @ https://vercel.com/liyimo0817-1103s-projects/~/stores/blob/store_28IMAJr8yCvISY59/settings:0
[   15437ms] [WARNING] The resource https://vercel.com/_next/static/immutable/chunks/3bv-6n9ltpz6q.css was preloaded using link preload but not used within a few seconds from the window's load event. Please make sure it has an appropriate `as` value and it is preloaded intentionally. @ https://vercel.com/liyimo0817-1103s-projects/~/stores/blob/store_28IMAJr8yCvISY59/settings:0
