[     296ms] [LOG] %c
▲

 _____ _              _                    _   _             __
|_   _| |__   ___    / \   __ _  ___ _ __ | |_(_) ___       / /
  | | | '_ \ / _ \  / _ \ / _` |/ _ \ '_ \| __| |/ __|     / /
  | | | | | |  __/ / ___ \ (_| |  __/ | | | |_| | (__     /_/
  |_| |_| |_|\___|/_/   \_\__, |\___|_| |_|\__|_|\___|    (_)
                           |___/
 ___        __               _                   _                 _
|_ _|_ __  / _|_ __ __ _ ___| |_ _ __ _   _  ___| |_ _   _ _ __ ___
 | || '_ \| |_| '__/ _` / __| __| '__| | | |/ __| __| | | | '__/ _ \
 | || | | |  _| | | (_| \__ \ |_| |  | |_| | (__| |_| |_| | | |  __/
|___|_| |_|_| |_|  \__,_|___/\__|_|   \__,_|\___|\__|\__,_|_|  \___|
  

Hello!

- Open Source https://vercel.com/oss
- Careers https://vercel.com/careers
- Status https://vercel-status.com

 font-family: "Geist Mono", monospace; white-space: pre; line-height: 1; @ https://vercel.com/_next/static/immutable/chunks/0gisdixsvd9-x.js:78
[    1540ms] Error: Minified React error #418; visit https://react.dev/errors/418?args[]=HTML&args[]= for the full message or use the non-minified dev environment for full errors and additional helpful warnings.
    at r3 (https://vercel.com/_next/static/immutable/chunks/0gisdixsvd9-x.js:79:44663)
    at iP (https://vercel.com/_next/static/immutable/chunks/0gisdixsvd9-x.js:79:98736)
    at sW (https://vercel.com/_next/static/immutable/chunks/0gisdixsvd9-x.js:79:139672)
    at https://vercel.com/_next/static/immutable/chunks/0gisdixsvd9-x.js:79:139517
    at s$ (https://vercel.com/_next/static/immutable/chunks/0gisdixsvd9-x.js:79:139525)
    at sR (https://vercel.com/_next/static/immutable/chunks/0gisdixsvd9-x.js:79:134582)
    at cg (https://vercel.com/_next/static/immutable/chunks/0gisdixsvd9-x.js:79:169306)
    at cf (https://vercel.com/_next/static/immutable/chunks/0gisdixsvd9-x.js:79:167209)
    at cp (https://vercel.com/_next/static/immutable/chunks/0gisdixsvd9-x.js:79:167566)
    at https://vercel.com/_next/static/immutable/chunks/0gisdixsvd9-x.js:79:169365
[    2241ms] [ERROR] Failed to load resource: the server responded with a status of 404 () @ https://vercel.com/api/chat/BJWoV3uqjED0EVP0/stream:0
[    2277ms] [WARNING] [omniagent] chat stream failed Error: {"error":{"code":"not_found","message":"The requested API endpoint was not found."}}
    at oS.reconnectToStream (https://vercel.com/_next/static/immutable/chunks/0nlrio1acyhql.js:38:48063)
    at async ae.makeRequest (https://vercel.com/_next/static/immutable/chunks/0nlrio1acyhql.js:23:47520)
    at async ae.resumeStream (https://vercel.com/_next/static/immutable/chunks/0nlrio1acyhql.js:23:44598) @ https://vercel.com/_next/static/immutable/chunks/2v68b1iznop88.js:1
[    2339ms] [WARNING] Deprecated API for given entry type. @ https://vercel.com/_next/static/immutable/chunks/3qsuav06ia3wm.js:18
[    7266ms] [WARNING] The resource https://vercel.com/_next/static/immutable/chunks/0yd0_h9ujntrg.css was preloaded using link preload but not used within a few seconds from the window's load event. Please make sure it has an appropriate `as` value and it is preloaded intentionally. @ https://vercel.com/liyimo0817-1103s-projects/~/stores/blob/store_28IMAJr8yCvISY59:0
[    7267ms] [WARNING] The resource https://vercel.com/_next/static/immutable/chunks/11o8uyapqb8ci.css was preloaded using link preload but not used within a few seconds from the window's load event. Please make sure it has an appropriate `as` value and it is preloaded intentionally. @ https://vercel.com/liyimo0817-1103s-projects/~/stores/blob/store_28IMAJr8yCvISY59:0
[    7267ms] [WARNING] The resource https://vercel.com/_next/static/immutable/chunks/0a2p-ddxufhhz.css was preloaded using link preload but not used within a few seconds from the window's load event. Please make sure it has an appropriate `as` value and it is preloaded intentionally. @ https://vercel.com/liyimo0817-1103s-projects/~/stores/blob/store_28IMAJr8yCvISY59:0
[    7267ms] [WARNING] The resource https://vercel.com/_next/static/immutable/chunks/3dncqglpf567l.css was preloaded using link preload but not used within a few seconds from the window's load event. Please make sure it has an appropriate `as` value and it is preloaded intentionally. @ https://vercel.com/liyimo0817-1103s-projects/~/stores/blob/store_28IMAJr8yCvISY59:0
[    7267ms] [WARNING] The resource https://vercel.com/_next/static/immutable/chunks/3pd_u4hffh-cq.css was preloaded using link preload but not used within a few seconds from the window's load event. Please make sure it has an appropriate `as` value and it is preloaded intentionally. @ https://vercel.com/liyimo0817-1103s-projects/~/stores/blob/store_28IMAJr8yCvISY59:0
[    7267ms] [WARNING] The resource https://vercel.com/_next/static/immutable/chunks/1rd3xjd3esung.css was preloaded using link preload but not used within a few seconds from the window's load event. Please make sure it has an appropriate `as` value and it is preloaded intentionally. @ https://vercel.com/liyimo0817-1103s-projects/~/stores/blob/store_28IMAJr8yCvISY59:0
[    7267ms] [WARNING] The resource https://vercel.com/_next/static/immutable/chunks/08pkr-yscsyp6.css was preloaded using link preload but not used within a few seconds from the window's load event. Please make sure it has an appropriate `as` value and it is preloaded intentionally. @ https://vercel.com/liyimo0817-1103s-projects/~/stores/blob/store_28IMAJr8yCvISY59:0
[    7267ms] [WARNING] The resource https://vercel.com/_next/static/immutable/chunks/1go2vinjiwjy8.css was preloaded using link preload but not used within a few seconds from the window's load event. Please make sure it has an appropriate `as` value and it is preloaded intentionally. @ https://vercel.com/liyimo0817-1103s-projects/~/stores/blob/store_28IMAJr8yCvISY59:0
[    7267ms] [WARNING] The resource https://vercel.com/_next/static/immutable/chunks/3d792zqltro0t.css was preloaded using link preload but not used within a few seconds from the window's load event. Please make sure it has an appropriate `as` value and it is preloaded intentionally. @ https://vercel.com/liyimo0817-1103s-projects/~/stores/blob/store_28IMAJr8yCvISY59:0
[    7267ms] [WARNING] The resource https://vercel.com/_next/static/immutable/chunks/0-shbsz3-8ybx.css was preloaded using link preload but not used within a few seconds from the window's load event. Please make sure it has an appropriate `as` value and it is preloaded intentionally. @ https://vercel.com/liyimo0817-1103s-projects/~/stores/blob/store_28IMAJr8yCvISY59:0
[    7267ms] [WARNING] The resource https://vercel.com/_next/static/immutable/chunks/3bv-6n9ltpz6q.css was preloaded using link preload but not used within a few seconds from the window's load event. Please make sure it has an appropriate `as` value and it is preloaded intentionally. @ https://vercel.com/liyimo0817-1103s-projects/~/stores/blob/store_28IMAJr8yCvISY59:0
[   15769ms] [WARNING] The resource https://vercel.com/_next/static/immutable/chunks/0yd0_h9ujntrg.css was preloaded using link preload but not used within a few seconds from the window's load event. Please make sure it has an appropriate `as` value and it is preloaded intentionally. @ https://vercel.com/liyimo0817-1103s-projects/~/stores/blob/store_28IMAJr8yCvISY59:0
[   15770ms] [WARNING] The resource https://vercel.com/_next/static/immutable/chunks/11o8uyapqb8ci.css was preloaded using link preload but not used within a few seconds from the window's load event. Please make sure it has an appropriate `as` value and it is preloaded intentionally. @ https://vercel.com/liyimo0817-1103s-projects/~/stores/blob/store_28IMAJr8yCvISY59:0
[   15770ms] [WARNING] The resource https://vercel.com/_next/static/immutable/chunks/0a2p-ddxufhhz.css was preloaded using link preload but not used within a few seconds from the window's load event. Please make sure it has an appropriate `as` value and it is preloaded intentionally. @ https://vercel.com/liyimo0817-1103s-projects/~/stores/blob/store_28IMAJr8yCvISY59:0
[   15770ms] [WARNING] The resource https://vercel.com/_next/static/immutable/chunks/3dncqglpf567l.css was preloaded using link preload but not used within a few seconds from the window's load event. Please make sure it has an appropriate `as` value and it is preloaded intentionally. @ https://vercel.com/liyimo0817-1103s-projects/~/stores/blob/store_28IMAJr8yCvISY59:0
[   15770ms] [WARNING] The resource https://vercel.com/_next/static/immutable/chunks/3pd_u4hffh-cq.css was preloaded using link preload but not used within a few seconds from the window's load event. Please make sure it has an appropriate `as` value and it is preloaded intentionally. @ https://vercel.com/liyimo0817-1103s-projects/~/stores/blob/store_28IMAJr8yCvISY59:0
[   15770ms] [WARNING] The resource https://vercel.com/_next/static/immutable/chunks/1rd3xjd3esung.css was preloaded using link preload but not used within a few seconds from the window's load event. Please make sure it has an appropriate `as` value and it is preloaded intentionally. @ https://vercel.com/liyimo0817-1103s-projects/~/stores/blob/store_28IMAJr8yCvISY59:0
[   15770ms] [WARNING] The resource https://vercel.com/_next/static/immutable/chunks/08pkr-yscsyp6.css was preloaded using link preload but not used within a few seconds from the window's load event. Please make sure it has an appropriate `as` value and it is preloaded intentionally. @ https://vercel.com/liyimo0817-1103s-projects/~/stores/blob/store_28IMAJr8yCvISY59:0
[   15770ms] [WARNING] The resource https://vercel.com/_next/static/immutable/chunks/1go2vinjiwjy8.css was preloaded using link preload but not used within a few seconds from the window's load event. Please make sure it has an appropriate `as` value and it is preloaded intentionally. @ https://vercel.com/liyimo0817-1103s-projects/~/stores/blob/store_28IMAJr8yCvISY59:0
[   15770ms] [WARNING] The resource https://vercel.com/_next/static/immutable/chunks/3d792zqltro0t.css was preloaded using link preload but not used within a few seconds from the window's load event. Please make sure it has an appropriate `as` value and it is preloaded intentionally. @ https://vercel.com/liyimo0817-1103s-projects/~/stores/blob/store_28IMAJr8yCvISY59:0
[   15770ms] [WARNING] The resource https://vercel.com/_next/static/immutable/chunks/0-shbsz3-8ybx.css was preloaded using link preload but not used within a few seconds from the window's load event. Please make sure it has an appropriate `as` value and it is preloaded intentionally. @ https://vercel.com/liyimo0817-1103s-projects/~/stores/blob/store_28IMAJr8yCvISY59:0
[   15771ms] [WARNING] The resource https://vercel.com/_next/static/immutable/chunks/3bv-6n9ltpz6q.css was preloaded using link preload but not used within a few seconds from the window's load event. Please make sure it has an appropriate `as` value and it is preloaded intentionally. @ https://vercel.com/liyimo0817-1103s-projects/~/stores/blob/store_28IMAJr8yCvISY59:0
